<?xml version="1.0" encoding="utf-8"?><testsuites name="pytest tests"><testsuite name="pytest" errors="0" failures="1" skipped="0" tests="37" time="6.040" timestamp="2026-09-15T11:14:44.574871+00:00" hostname="agent-env-55b38b5d-325d-4b5c-bd32-19fe71919283"><testcase classname="tests.backend_test.TestAuth" name="test_login_admin_sets_cookie" time="0.502" /><testcase classname="tests.backend_test.TestAuth" name="test_login_wrong_password" time="0.483" /><testcase classname="tests.backend_test.TestReports" name="test_preview[implementasi]" time="0.983" /><testcase classname="tests.backend_test.TestReports" name="test_preview[partner]" time="0.077" /><testcase classname="tests.backend_test.TestReports" name="test_preview[tahunan]" time="0.284" /><testcase classname="tests.backend_test.TestAuth" name="test_me" time="0.422" /><testcase classname="tests.backend_test.TestReports" name="test_preview[kampus-berdampak]" time="0.125" /><testcase classname="tests.backend_test.TestAuth" name="test_magic_link_unej_success" time="0.994" /><testcase classname="tests.backend_test.TestReports" name="test_preview[mbkm]" time="0.069" /><testcase classname="tests.backend_test.TestReports" name="test_export_pdf[implementasi]" time="0.089" /><testcase classname="tests.backend_test.TestReports" name="test_export_pdf[partner]" time="0.078" /><testcase classname="tests.backend_test.TestReports" name="test_export_pdf[tahunan]" time="0.083" /><testcase classname="tests.backend_test.TestReports" name="test_export_pdf[kampus-berdampak]" time="0.071" /><testcase classname="tests.backend_test.TestReports" name="test_export_pdf[mbkm]" time="0.083" /><testcase classname="tests.backend_test.TestReports" name="test_export_excel[implementasi]" time="0.081" /><testcase classname="tests.backend_test.TestReports" name="test_export_excel[partner]" time="0.076" /><testcase classname="tests.backend_test.TestReports" name="test_export_excel[tahunan]" time="0.088" /><testcase classname="tests.backend_test.TestReports" name="test_export_excel[kampus-berdampak]" time="0.078" /><testcase classname="tests.backend_test.TestReports" name="test_export_excel[mbkm]" time="0.070" /><testcase classname="tests.backend_test.TestPartners" name="test_list_seeded" time="0.086" /><testcase classname="tests.backend_test.TestAuth" name="test_magic_link_non_unej_rejected" time="0.137" /><testcase classname="tests.backend_test.TestPartners" name="test_search" time="0.094" /><testcase classname="tests.backend_test.TestPartners" name="test_duplicate_detection" time="0.081"><failure message="AssertionError: expected Nestle duplicate, got []&#10;assert False&#10; +  where False = any(&lt;generator object TestPartners.test_duplicate_detection.&lt;locals&gt;.&lt;genexpr&gt; at 0xff277846a0a0&gt;)">tests/backend_test.py:110: in test_duplicate_detection
    assert any("nestl" in d["nama"].lower() for d in dups), f"expected Nestle duplicate, got {dups}"
E   AssertionError: expected Nestle duplicate, got []
E   assert False
E    +  where False = any(&lt;generator object TestPartners.test_duplicate_detection.&lt;locals&gt;.&lt;genexpr&gt; at 0xff277846a0a0&gt;)</failure></testcase><testcase classname="tests.backend_test.TestAuth" name="test_magic_link_verify_creates_mahasiswa" time="0.349" /><testcase classname="tests.backend_test.TestPartners" name="test_create_partner_admin" time="0.215" /><testcase classname="tests.backend_test.TestPartners" name="test_mgmt_cannot_create_partner" time="0.633" /><testcase classname="tests.backend_test.TestDocuments" name="test_list" time="0.067" /><testcase classname="tests.backend_test.TestImplementations" name="test_create_and_approve" time="1.011" /><testcase classname="tests.backend_test.TestDocuments" name="test_create_and_revise" time="0.286" /><testcase classname="tests.backend_test.TestUsers" name="test_list_users_admin" time="0.076" /><testcase classname="tests.backend_test.TestImplementations" name="test_mgmt_cannot_create_impl" time="0.674" /><testcase classname="tests.backend_test.TestUsers" name="test_list_users_kerma_forbidden" time="0.675" /><testcase classname="tests.backend_test.TestImplementations" name="test_mahasiswa_sees_only_own" time="0.681" /><testcase classname="tests.backend_test.TestDashboard" name="test_kpi" time="0.074" /><testcase classname="tests.backend_test.TestAudit" name="test_admin_can_read" time="0.097" /><testcase classname="tests.backend_test.TestKampusBerdampak" name="test_endpoint" time="0.073" /><testcase classname="tests.backend_test.TestNotifications" name="test_list_and_mark_all" time="0.238" /></testsuite></testsuites>