<?xml version="1.0" encoding="utf-8"?><testsuites name="pytest tests"><testsuite name="pytest" errors="0" failures="1" skipped="0" tests="26" time="7.223" timestamp="2026-09-04T03:40:47.334767+00:00" hostname="agent-env-058cc3f5-c581-47bf-980f-742dd545f244"><testcase classname="tests.backend_test" name="test_admin_login_and_me" time="0.521" /><testcase classname="tests.backend_test" name="test_role_logins[farmer]" time="0.291" /><testcase classname="tests.backend_test" name="test_role_logins[collector]" time="0.425" /><testcase classname="tests.backend_test" name="test_role_logins[manufacturer]" time="0.292" /><testcase classname="tests.backend_test" name="test_role_logins[distributor]" time="0.322" /><testcase classname="tests.backend_test" name="test_role_logins[retailer]" time="0.288" /><testcase classname="tests.backend_test" name="test_wrong_password" time="0.304" /><testcase classname="tests.backend_test" name="test_dashboard_stats" time="0.381" /><testcase classname="tests.backend_test" name="test_analytics" time="0.070" /><testcase classname="tests.backend_test" name="test_ledger_list" time="0.029" /><testcase classname="tests.backend_test" name="test_ledger_verify" time="0.069" /><testcase classname="tests.backend_test" name="test_contracts" time="0.067" /><testcase classname="tests.backend_test" name="test_contracts_logs" time="0.067" /><testcase classname="tests.backend_test" name="test_farmer_can_create_harvest" time="1.500" /><testcase classname="tests.backend_test" name="test_collector_forbidden_on_harvest" time="0.025" /><testcase classname="tests.backend_test" name="test_full_chain_created" time="0.182" /><testcase classname="tests.backend_test" name="test_trace_by_batch" time="0.028" /><testcase classname="tests.backend_test" name="test_trace_by_product" time="0.028" /><testcase classname="tests.backend_test" name="test_public_verify_no_auth" time="0.072" /><testcase classname="tests.backend_test" name="test_public_verify_seeded" time="0.381"><failure message="KeyError: 'product_id'">backend/tests/backend_test.py:200: in test_public_verify_seeded
    pid = batches[-1]["product_id"]  # last created is RB-0001 (seeded first)
          ^^^^^^^^^^^^^^^^^^^^^^^^^
E   KeyError: 'product_id'</failure></testcase><testcase classname="tests.backend_test" name="test_public_verify_not_found" time="0.086" /><testcase classname="tests.backend_test" name="test_exception_on_quantity_mismatch" time="0.609" /><testcase classname="tests.backend_test" name="test_admin_invite_and_farmer_forbidden" time="0.352" /><testcase classname="tests.backend_test" name="test_admin_resolve_exception" time="0.168" /><testcase classname="tests.backend_test" name="test_admin_correction_and_audit" time="0.105" /><testcase classname="tests.backend_test" name="test_iot_live" time="0.031" /></testsuite></testsuites>